2026-06-29 10:00:01 [INFO] 服务启动中...
2026-06-29 10:00:02 [INFO] 数据库连接成功
2026-06-29 10:00:03 [DEBUG] 加载配置模块
2026-06-29 10:00:04 [INFO] 监听端口 8080
2026-06-29 10:00:05 [WARN] 内存使用率 75%
2026-06-29 10:00:10 [INFO] 收到请求 GET /api/status
2026-06-29 10:00:11 [INFO] 响应 200 OK
2026-06-29 10:00:15 [ERROR] 连接超时: 10.0.0.5:3306
2026-06-29 10:00:16 [WARN] 重试第 1 次
2026-06-29 10:00:17 [INFO] 重连成功
2026-06-29 10:00:20 [DEBUG] 缓存命中率 92%
2026-06-29 10:00:25 [INFO] 定时任务执行: 清理过期会话
2026-06-29 10:00:30 [INFO] 收到请求 POST /api/data
2026-06-29 10:00:31 [INFO] 响应 201 Created
2026-06-29 10:00:35 [WARN] 磁盘使用率 82%
2026-06-29 10:00:40 [INFO] 健康检查通过
2026-06-29 10:00:45 [DEBUG] GC 回收 128MB 内存
2026-06-29 10:00:50 [INFO] 收到请求 GET /api/users
2026-06-29 10:00:51 [INFO] 响应 200 OK
2026-06-29 10:01:00 [INFO] 心跳检测正常